<?xml version="1.0" encoding="UTF-8"?>
<!-- Generated by org.testng.reporters.JUnitXMLReporter -->
<testsuite ignored="0" hostname="SachinPardeshi" failures="0" tests="10" name="Error Validations" time="56.444" errors="0" timestamp="19 Jan 2025 10:03:18 GMT">
  <testcase classname="testCases.ErrorValidations" name="validateAllErrorMessages" time="3.966"/>
  <testcase classname="testCases.ErrorValidations" name="validateAllErrorMessages" time="4.689"/>
  <testcase classname="testCases.ErrorValidations" name="validateAllErrorMessages" time="2.438"/>
  <testcase classname="testCases.ErrorValidations" name="validateAllErrorMessages" time="2.527"/>
  <testcase classname="testCases.ErrorValidations" name="validateAllErrorMessages" time="2.451"/>
  <testcase classname="testCases.ErrorValidations" name="validateAllErrorMessages" time="2.32"/>
  <testcase classname="testCases.ErrorValidations" name="validateAllErrorMessages" time="2.367"/>
  <testcase classname="testCases.ErrorValidations" name="validateAllErrorMessages" time="2.278"/>
  <testcase classname="testCases.ErrorValidations" name="validateAllErrorMessages" time="2.604"/>
  <testcase classname="testCases.ErrorValidations" name="validateAllErrorMessages" time="2.484"/>
</testsuite> <!-- Error Validations -->
